
The following have been reloaded with a version change:
  1) python/3.7 => python/3.8

/iitjhome/b20bb025/scratch/data/b20bb025/myenv/lib/python3.8/site-packages/torchvision/models/_utils.py:208: UserWarning: The parameter 'pretrained' is deprecated since 0.13 and may be removed in the future, please use 'weights' instead.
  warnings.warn(
/iitjhome/b20bb025/scratch/data/b20bb025/myenv/lib/python3.8/site-packages/torchvision/models/_utils.py:223: UserWarning: Arguments other than a weight enum or `None` for 'weights' are deprecated since 0.13 and may be removed in the future. The current behavior is equivalent to passing `weights=VGG19_BN_Weights.IMAGENET1K_V1`. You can also use `weights=VGG19_BN_Weights.DEFAULT` to get the most up-to-date weights.
  warnings.warn(msg)
Epoch 1 : Training loss  = 4.974453413261558 | Training Accuracy  = 2.91
Epoch 2 : Training loss  = 4.896454166916182 | Training Accuracy  = 2.9
Epoch 3 : Training loss  = 4.889733823740257 | Training Accuracy  = 3.25
Epoch 4 : Training loss  = 4.762962499654518 | Training Accuracy  = 6.09
Epoch 5 : Training loss  = 4.285418201842398 | Training Accuracy  = 11.53
Epoch 6 : Training loss  = 4.012809585175424 | Training Accuracy  = 15.01
Epoch 7 : Training loss  = 3.8752506948866934 | Training Accuracy  = 17.03
Epoch 8 : Training loss  = 3.7725652568745165 | Training Accuracy  = 19.02
Epoch 9 : Training loss  = 3.6869101461374534 | Training Accuracy  = 20.86
Epoch 10 : Training loss  = 3.6218793716070787 | Training Accuracy  = 21.75
Epoch 11 : Training loss  = 3.556999394578754 | Training Accuracy  = 22.8
Epoch 12 : Training loss  = 3.489662156015072 | Training Accuracy  = 23.81
Epoch 13 : Training loss  = 3.4205565488563394 | Training Accuracy  = 24.75
Epoch 14 : Training loss  = 3.3822837388740394 | Training Accuracy  = 25.06
Epoch 15 : Training loss  = 3.3215220109471737 | Training Accuracy  = 26.17
Epoch 16 : Training loss  = 3.2772075779033156 | Training Accuracy  = 26.6
Epoch 17 : Training loss  = 3.2309280278547754 | Training Accuracy  = 27.58
Epoch 18 : Training loss  = 3.177951748865955 | Training Accuracy  = 28.45
Epoch 19 : Training loss  = 3.1231627671223765 | Training Accuracy  = 28.95
Epoch 20 : Training loss  = 3.0804501164634273 | Training Accuracy  = 29.73
Epoch 21 : Training loss  = 3.0225224773838835 | Training Accuracy  = 30.53
Epoch 22 : Training loss  = 2.995575379425625 | Training Accuracy  = 31.15
Epoch 23 : Training loss  = 2.9405374877857713 | Training Accuracy  = 31.98
Epoch 24 : Training loss  = 2.896713273030407 | Training Accuracy  = 32.49
Epoch 25 : Training loss  = 2.8612758879391653 | Training Accuracy  = 33.19
Epoch 26 : Training loss  = 2.833824355647249 | Training Accuracy  = 33.85
Epoch 27 : Training loss  = 2.776917562844618 | Training Accuracy  = 34.94
Epoch 28 : Training loss  = 2.7273269428397127 | Training Accuracy  = 35.77
Epoch 29 : Training loss  = 2.6684637708484003 | Training Accuracy  = 36.89
Epoch 30 : Training loss  = 2.644927879549422 | Training Accuracy  = 37.06
Epoch 31 : Training loss  = 2.5807546710068325 | Training Accuracy  = 38.26
Epoch 32 : Training loss  = 2.56961502983885 | Training Accuracy  = 38.27
Epoch 33 : Training loss  = 2.5068948538798206 | Training Accuracy  = 39.74
Epoch 34 : Training loss  = 2.4524242473098465 | Training Accuracy  = 40.33
Epoch 35 : Training loss  = 2.4196642461812723 | Training Accuracy  = 41.14
Epoch 36 : Training loss  = 2.3480789364508863 | Training Accuracy  = 42.19
Epoch 37 : Training loss  = 2.3124907192194235 | Training Accuracy  = 43.02
Epoch 38 : Training loss  = 2.2807032756085666 | Training Accuracy  = 43.67
Epoch 39 : Training loss  = 2.2450084695276225 | Training Accuracy  = 44.47
Epoch 40 : Training loss  = 2.2061862122337774 | Training Accuracy  = 45.24
Epoch 41 : Training loss  = 2.1153931302844353 | Training Accuracy  = 46.6
Epoch 42 : Training loss  = 2.0894312710132237 | Training Accuracy  = 47.08
Epoch 43 : Training loss  = 2.0313589096069338 | Training Accuracy  = 47.93
Epoch 44 : Training loss  = 1.986713162458168 | Training Accuracy  = 49.11
Epoch 45 : Training loss  = 1.951981131535656 | Training Accuracy  = 50.1
Epoch 46 : Training loss  = 1.8923194426410603 | Training Accuracy  = 51.27
Epoch 47 : Training loss  = 1.8574985580624275 | Training Accuracy  = 51.21
Epoch 48 : Training loss  = 1.7944908884336364 | Training Accuracy  = 53.09
Epoch 49 : Training loss  = 1.7693306167170686 | Training Accuracy  = 53.9
Epoch 50 : Training loss  = 1.7395006328258875 | Training Accuracy  = 54.4
Epoch 51 : Training loss  = 1.6910961848384929 | Training Accuracy  = 55.3
Epoch 52 : Training loss  = 1.6581463802535579 | Training Accuracy  = 55.85
Epoch 53 : Training loss  = 1.6140321951992107 | Training Accuracy  = 57.07
Epoch 54 : Training loss  = 1.5425162679744218 | Training Accuracy  = 58.38
Epoch 55 : Training loss  = 1.5348790418426945 | Training Accuracy  = 58.44
Epoch 56 : Training loss  = 1.4809051549659584 | Training Accuracy  = 59.79
Epoch 57 : Training loss  = 1.4474428505267738 | Training Accuracy  = 60.1
Epoch 58 : Training loss  = 1.4313033214155233 | Training Accuracy  = 60.94
Epoch 59 : Training loss  = 1.376306446993126 | Training Accuracy  = 62.33
Epoch 60 : Training loss  = 1.3445279087660447 | Training Accuracy  = 62.66
Epoch 61 : Training loss  = 1.333582649590834 | Training Accuracy  = 62.69
Epoch 62 : Training loss  = 1.3104651804240244 | Training Accuracy  = 63.77
Epoch 63 : Training loss  = 1.2770437373305268 | Training Accuracy  = 64.43
Epoch 64 : Training loss  = 1.2042036405149497 | Training Accuracy  = 66.28
Epoch 65 : Training loss  = 1.2050201454252567 | Training Accuracy  = 66.01
Epoch 66 : Training loss  = 1.1928832153104387 | Training Accuracy  = 66.47
Epoch 67 : Training loss  = 1.168126498978093 | Training Accuracy  = 67.3
Epoch 68 : Training loss  = 1.1283748462515057 | Training Accuracy  = 68.06
Epoch 69 : Training loss  = 1.0895770666734228 | Training Accuracy  = 69.16
Epoch 70 : Training loss  = 1.0699140263053606 | Training Accuracy  = 69.29
Epoch 71 : Training loss  = 1.0596057140602255 | Training Accuracy  = 69.88
Epoch 72 : Training loss  = 1.0307572345688658 | Training Accuracy  = 70.88
Epoch 73 : Training loss  = 1.0150097527593938 | Training Accuracy  = 70.56
Epoch 74 : Training loss  = 0.9953963994979859 | Training Accuracy  = 70.99
Epoch 75 : Training loss  = 0.984076413793384 | Training Accuracy  = 71.96
Epoch 76 : Training loss  = 0.9599093920779678 | Training Accuracy  = 72.14
Epoch 77 : Training loss  = 0.9275820734365932 | Training Accuracy  = 72.99
Epoch 78 : Training loss  = 0.9174610115447135 | Training Accuracy  = 73.37
Epoch 79 : Training loss  = 0.9007793695296882 | Training Accuracy  = 74.26
Epoch 80 : Training loss  = 0.8861667700533596 | Training Accuracy  = 74.36
Epoch 81 : Training loss  = 0.84865895026135 | Training Accuracy  = 75.26
Epoch 82 : Training loss  = 0.8509788459202029 | Training Accuracy  = 75.38
Epoch 83 : Training loss  = 0.8336262001181548 | Training Accuracy  = 75.79
Epoch 84 : Training loss  = 0.8225382298793433 | Training Accuracy  = 76.02
Epoch 85 : Training loss  = 0.8130896735866114 | Training Accuracy  = 75.9
Epoch 86 : Training loss  = 0.7723812567737868 | Training Accuracy  = 76.98
Epoch 87 : Training loss  = 0.7774298597056911 | Training Accuracy  = 76.84
Epoch 88 : Training loss  = 0.7527982168602494 | Training Accuracy  = 77.86
Epoch 89 : Training loss  = 0.7467872030330154 | Training Accuracy  = 77.95
Epoch 90 : Training loss  = 0.712674626089492 | Training Accuracy  = 78.6
Epoch 91 : Training loss  = 0.7436777836871598 | Training Accuracy  = 78.02
Epoch 92 : Training loss  = 0.707683661523855 | Training Accuracy  = 78.87
Epoch 93 : Training loss  = 0.6780058805672627 | Training Accuracy  = 79.62
Epoch 94 : Training loss  = 0.6782154862610799 | Training Accuracy  = 80.13
Epoch 95 : Training loss  = 0.6962597453369285 | Training Accuracy  = 79.33
Epoch 96 : Training loss  = 0.6557269496737786 | Training Accuracy  = 80.93
Epoch 97 : Training loss  = 0.684470896001132 | Training Accuracy  = 79.98
Epoch 98 : Training loss  = 0.6211636665857063 | Training Accuracy  = 81.31
Epoch 99 : Training loss  = 0.628776166124164 | Training Accuracy  = 81.15
Epoch 100 : Training loss  = 0.5910112923608636 | Training Accuracy  = 82.61
Epoch 101 : Training loss  = 0.5905865580405829 | Training Accuracy  = 82.32
Epoch 102 : Training loss  = 0.6027405420564256 | Training Accuracy  = 82.17
Epoch 103 : Training loss  = 0.6279791291029948 | Training Accuracy  = 81.64
Epoch 104 : Training loss  = 0.5861524350238296 | Training Accuracy  = 82.56
Epoch 105 : Training loss  = 0.5895655205789602 | Training Accuracy  = 82.58
Epoch 106 : Training loss  = 0.5638150334920523 | Training Accuracy  = 83.21
Epoch 107 : Training loss  = 0.5568412605321632 | Training Accuracy  = 83.38
Epoch 108 : Training loss  = 0.5507046298036036 | Training Accuracy  = 83.38
Epoch 109 : Training loss  = 0.5199601022702343 | Training Accuracy  = 84.41
Epoch 110 : Training loss  = 0.5461090220595306 | Training Accuracy  = 83.6
Epoch 111 : Training loss  = 0.5223835398566048 | Training Accuracy  = 84.11
Epoch 112 : Training loss  = 0.5115580047076603 | Training Accuracy  = 84.76
Epoch 113 : Training loss  = 0.526968185912888 | Training Accuracy  = 84.19
Epoch 114 : Training loss  = 0.49647841847167823 | Training Accuracy  = 84.92
Epoch 115 : Training loss  = 0.50194895509279 | Training Accuracy  = 84.9
Epoch 116 : Training loss  = 0.5099933295317416 | Training Accuracy  = 84.75
Epoch 117 : Training loss  = 0.4836288428531503 | Training Accuracy  = 85.28
Epoch 118 : Training loss  = 0.4811657854408588 | Training Accuracy  = 85.71
Epoch 119 : Training loss  = 0.5111839831437704 | Training Accuracy  = 84.78
Epoch 120 : Training loss  = 0.4648033692589346 | Training Accuracy  = 86.1
Epoch 121 : Training loss  = 0.45271485324175853 | Training Accuracy  = 86.06
Epoch 122 : Training loss  = 0.46359021286919433 | Training Accuracy  = 86.27
Epoch 123 : Training loss  = 0.4282331051410369 | Training Accuracy  = 87.16
Epoch 124 : Training loss  = 0.4626342220688766 | Training Accuracy  = 85.99
Epoch 125 : Training loss  = 0.48467927260218924 | Training Accuracy  = 85.79
Epoch 126 : Training loss  = 0.44058599365207385 | Training Accuracy  = 86.73
Epoch 127 : Training loss  = 0.41170642578376915 | Training Accuracy  = 87.66
Epoch 128 : Training loss  = 0.4182622405717958 | Training Accuracy  = 87.16
Epoch 129 : Training loss  = 0.4178081348257245 | Training Accuracy  = 87.34
Epoch 130 : Training loss  = 0.42316053003635046 | Training Accuracy  = 87.43
Epoch 131 : Training loss  = 0.38780630081892015 | Training Accuracy  = 88.28
Epoch 132 : Training loss  = 0.39130505337467736 | Training Accuracy  = 88.25
Epoch 133 : Training loss  = 0.4201307553727672 | Training Accuracy  = 87.53
Epoch 134 : Training loss  = 0.4001990810317813 | Training Accuracy  = 87.57
Epoch 135 : Training loss  = 0.38730504293486756 | Training Accuracy  = 88.32
Epoch 136 : Training loss  = 0.39656348824501036 | Training Accuracy  = 87.81
Epoch 137 : Training loss  = 0.4067321690467169 | Training Accuracy  = 87.95
Epoch 138 : Training loss  = 0.36624123288213084 | Training Accuracy  = 89.1
Epoch 139 : Training loss  = 0.3953463087947863 | Training Accuracy  = 88.41
Epoch 140 : Training loss  = 0.40033178276048514 | Training Accuracy  = 88.55
Epoch 141 : Training loss  = 0.36551175319923546 | Training Accuracy  = 88.96
Epoch 142 : Training loss  = 0.3722760698705349 | Training Accuracy  = 88.85
Epoch 143 : Training loss  = 0.37277176801888445 | Training Accuracy  = 88.72
Epoch 144 : Training loss  = 0.3560709794456104 | Training Accuracy  = 89.34
Epoch 145 : Training loss  = 0.3540185892919325 | Training Accuracy  = 89.12
Epoch 146 : Training loss  = 0.3591870412230492 | Training Accuracy  = 89.33
Epoch 147 : Training loss  = 0.32969809585022475 | Training Accuracy  = 90.04
Epoch 148 : Training loss  = 0.3626726838637073 | Training Accuracy  = 89.28
Epoch 149 : Training loss  = 0.3344787392976149 | Training Accuracy  = 89.76
Epoch 150 : Training loss  = 0.34130908768132046 | Training Accuracy  = 89.48
VGG_model
